Traceback (most recent call last):
  File "D:\cedri\anaconda3\envs\prepa\lib\site-packages\jupyter_cache\executors\utils.py", line 51, in single_nb_execution
    executenb(
  File "D:\cedri\anaconda3\envs\prepa\lib\site-packages\nbclient\client.py", line 1204, in execute
    return NotebookClient(nb=nb, resources=resources, km=km, **kwargs).execute()
  File "D:\cedri\anaconda3\envs\prepa\lib\site-packages\nbclient\util.py", line 84, in wrapped
    return just_run(coro(*args, **kwargs))
  File "D:\cedri\anaconda3\envs\prepa\lib\site-packages\nbclient\util.py", line 62, in just_run
    return loop.run_until_complete(coro)
  File "D:\cedri\anaconda3\envs\prepa\lib\asyncio\base_events.py", line 647, in run_until_complete
    return future.result()
  File "D:\cedri\anaconda3\envs\prepa\lib\site-packages\nbclient\client.py", line 663, in async_execute
    await self.async_execute_cell(
  File "D:\cedri\anaconda3\envs\prepa\lib\site-packages\nbclient\client.py", line 965, in async_execute_cell
    await self._check_raise_for_error(cell, cell_index, exec_reply)
  File "D:\cedri\anaconda3\envs\prepa\lib\site-packages\nbclient\client.py", line 862, in _check_raise_for_error
    raise CellExecutionError.from_cell_and_msg(cell, exec_reply_content)
nbclient.exceptions.CellExecutionError: An error occurred while executing the following cell:
------------------
from myst_nb import glue
"""Importation des bibliothèques

On commence par importer les bibliothèques utiles matplotlib.pyplot, numpy et numpy.random.
"""
import matplotlib.pyplot as plt
import numpy as np
import numpy.random as rd

"""Simulation des composantes

On simule chaque composante
"""
N = 1000000  # Nombre d'échantillons
Uval = 2.455  # Résultat de mesurage pour Uval
llec = 0.025  # Demie-largeur de la distribution uniforme associée à la lecture de la valeur
lins = 0.049  # Ecart-type de la distribution gaussienne associée à la fidélité de l'instrument
echlec = rd.uniform(-llec, llec, N)  # La fonction uniform génèrera un vecteur de taille N
echins = rd.uniform(-lins, lins, N)

"""
On simule U et on calcule son incertitude-type
"""
echU = echlec + echins + Uval  # On simule U en ajoutant le résultat de mesurage
uU = np.std(echU, ddof=1)  # std est une fonction de numpy. L'option ddof=1 permet de diviser par N-1 et non par N ce qui est plus précis.
#print("On a donc : U = {:.3f} +/- {:.3f}".format(Uval, uU))

"""
On réalise le tracé de la distribution des U simulés.
"""
f, ax = plt.subplots(2,2)  # Création de la figure f est des axes ax dans la figure f
ax[0,0].set_title("Ecart simulée pour la lecture")
ax[0,0].set_xlabel("Ecart (V)")
ax[0,0].set_ylabel("Fréquence")
ax.hist(echlec, bins='rice')

ax[0,1].set_title("Ecart simulée pour la variabilité de l'instrument")
ax[0,1].set_xlabel("Ecart (V)")
ax[0,1].set_ylabel("Fréquence")
ax.hist(echins, bins='rice')

ax[1,0].set_title("Valeurs simuléée")
ax[1,0].text(0,0, "U_simule = Valeur_mesuree + Ecart_lecture + Ecart_instrument")

ax[1,1].set_title("Simulation de Monte-Carlo pour la grandeur U")
ax[1,1].set_xlabel("Valeur de U (V)")
ax[1,1].set_ylabel("Fréquence")
ax.hist(echU, bins='rice')

glue("tension_u", f, display=False)
glue("tension_u_m", Uval, display=False)
glue("tension_u_u", uU, display=False)
------------------

[1;31m---------------------------------------------------------------------------[0m
[1;31mAttributeError[0m                            Traceback (most recent call last)
Cell [1;32mIn [1], line 35[0m
[0;32m     33[0m ax[[38;5;241m0[39m,[38;5;241m0[39m][38;5;241m.[39mset_xlabel([38;5;124m"[39m[38;5;124mEcart (V)[39m[38;5;124m"[39m)
[0;32m     34[0m ax[[38;5;241m0[39m,[38;5;241m0[39m][38;5;241m.[39mset_ylabel([38;5;124m"[39m[38;5;124mFréquence[39m[38;5;124m"[39m)
[1;32m---> 35[0m [43max[49m[38;5;241;43m.[39;49m[43mhist[49m(echlec, bins[38;5;241m=[39m[38;5;124m'[39m[38;5;124mrice[39m[38;5;124m'[39m)
[0;32m     37[0m ax[[38;5;241m0[39m,[38;5;241m1[39m][38;5;241m.[39mset_title([38;5;124m"[39m[38;5;124mEcart simulée pour la variabilité de l[39m[38;5;124m'[39m[38;5;124minstrument[39m[38;5;124m"[39m)
[0;32m     38[0m ax[[38;5;241m0[39m,[38;5;241m1[39m][38;5;241m.[39mset_xlabel([38;5;124m"[39m[38;5;124mEcart (V)[39m[38;5;124m"[39m)

[1;31mAttributeError[0m: 'numpy.ndarray' object has no attribute 'hist'
AttributeError: 'numpy.ndarray' object has no attribute 'hist'

